<?xml version="1.0" encoding="UTF-8"?>
<testsuite xmlns:xsi="http://www.w3.org/2001/XMLSchema-instance" xsi:schemaLocation="https://maven.apache.org/surefire/maven-surefire-plugin/xsd/surefire-test-report.xsd" name="shopify.SearchKeywordChatalyst" time="173.891" tests="3" errors="0" skipped="0" failures="3">
  <properties>
[...]
</properties>
  <testcase name="TC01_CreateShopifyStore" classname="shopify.SearchKeywordChatalyst" time="63.946">
    <failure message="Expected condition failed: waiting for visibility of element located by By.xpath: //div[@class=&apos;ui-app-card&apos; and not (contains(@data-target-href, &apos;ad&apos;))]//h4[contains(text(), &apos;Chatalyst Customer Support&apos;)] (tried for 30 second(s) with 500 milliseconds interval)" type="org.openqa.selenium.TimeoutException">org.openqa.selenium.TimeoutException: Expected condition failed: waiting for visibility of element located by By.xpath: //div[@class='ui-app-card' and not (contains(@data-target-href, 'ad'))]//h4[contains(text(), 'Chatalyst Customer Support')] (tried for 30 second(s) with 500 milliseconds interval)
	at shopify.SearchKeywordChatalyst.TC01_CreateShopifyStore(SearchKeywordChatalyst.java:111)
Caused by: org.openqa.selenium.NoSuchElementException: 
no such element: Unable to locate element: {"method":"xpath","selector":"//div[@class='ui-app-card' and not (contains(@data-target-href, 'ad'))]//h4[contains(text(), 'Chatalyst Customer Support')]"}
  (Session info: chrome=88.0.4324.104)
For documentation on this error, please visit: https://www.seleniumhq.org/exceptions/no_such_element.html
Build info: version: '3.141.59', revision: 'e82be7d358', time: '2018-11-14T08:17:03'
System info: host: 'vultr-guest', ip: '45.32.115.157', os.name: 'Windows Server 2012 R2', os.arch: 'amd64', os.version: '6.3', java.version: '1.8.0_271'
Driver info: org.openqa.selenium.chrome.ChromeDriver
Capabilities {acceptInsecureCerts: false, browserName: chrome, browserVersion: 88.0.4324.104, chrome: {chromedriverVersion: 88.0.4324.96 (68dba2d8a0b14..., userDataDir: C:\Users\ADMINI~1\AppData\L...}, goog:chromeOptions: {debuggerAddress: localhost:62144}, javascriptEnabled: true, networkConnectionEnabled: false, pageLoadStrategy: normal, platform: WINDOWS, platformName: WINDOWS, proxy: Proxy(), setWindowRect: true, strictFileInteractability: false, timeouts: {implicit: 0, pageLoad: 300000, script: 30000}, unhandledPromptBehavior: dismiss and notify, webauthn:extension:largeBlob: true, webauthn:virtualAuthenticators: true}
Session ID: cad02f69668a7e4efdb24f6432f7cb13
*** Element info: {Using=xpath, value=//div[@class='ui-app-card' and not (contains(@data-target-href, 'ad'))]//h4[contains(text(), 'Chatalyst Customer Support')]}
	at shopify.SearchKeywordChatalyst.TC01_CreateShopifyStore(SearchKeywordChatalyst.java:111)
</failure>
    <system-out><![CDATA[2021-02-03 17:55:50,870 INFO  shopify.SearchKeywordChatalyst - Pre-condition: Clear test data
2021-02-03 17:55:51,186 INFO  shopify.SearchKeywordChatalyst - Step 01: Pre-condition: Access App Store Shopify
2021-02-03 17:56:00,427 INFO  shopify.SearchKeywordChatalyst - Step 02: Search keyword chatalyst
2021-02-03 17:56:04,082 INFO  shopify.SearchKeywordChatalyst - Step 03: Print store info
Keyword search:
keyword: Chatalyst
Created time: 03/02/2021 17:55:51
2021-02-03 17:56:04,083 INFO  shopify.SearchKeywordChatalyst - Step 04: Write data to the csv20210203_175550_Chatalyst.csv
CSV file was created successfully !!
2021-02-03 17:56:11,107 INFO  shopify.SearchKeywordChatalyst - Step 05: Load page 2
2021-02-03 17:56:24,972 INFO  shopify.SearchKeywordChatalyst - Step 06: Click choose app Chatalyst
]]></system-out>
    <system-err><![CDATA[SLF4J: Failed to load class "org.slf4j.impl.StaticLoggerBinder".
SLF4J: Defaulting to no-operation (NOP) logger implementation
SLF4J: See http://www.slf4j.org/codes.html#StaticLoggerBinder for further details.
Starting ChromeDriver 88.0.4324.96 (68dba2d8a0b149a1d3afac56fa74648032bcf46b-refs/branch-heads/4324@{#1784}) on port 5457
Only local connections are allowed.
Please see https://chromedriver.chromium.org/security-considerations for suggestions on keeping ChromeDriver safe.
ChromeDriver was started successfully.
[1612349748.971][WARNING]: Deprecated chrome option is ignored: useAutomationExtension
[1612349748.989][WARNING]: Deprecated chrome option is ignored: useAutomationExtension
Feb 03, 2021 5:55:50 PM org.openqa.selenium.remote.ProtocolHandshake createSession
INFO: Detected dialect: W3C
]]></system-err>
  </testcase>
  <testcase name="TC01_CreateShopifyStore" classname="shopify.SearchKeywordChatalyst" time="51.594">
    <failure message="Expected condition failed: waiting for visibility of element located by By.xpath: //div//a[@class=&apos;search-pagination__link&apos; and text()=&apos;5&apos;] (tried for 30 second(s) with 500 milliseconds interval)" type="org.openqa.selenium.TimeoutException">org.openqa.selenium.TimeoutException: Expected condition failed: waiting for visibility of element located by By.xpath: //div//a[@class='search-pagination__link' and text()='5'] (tried for 30 second(s) with 500 milliseconds interval)
	at shopify.SearchKeywordChatalyst.TC01_CreateShopifyStore(SearchKeywordChatalyst.java:108)
Caused by: org.openqa.selenium.NoSuchElementException: 
no such element: Unable to locate element: {"method":"xpath","selector":"//div//a[@class='search-pagination__link' and text()='5']"}
  (Session info: chrome=88.0.4324.104)
For documentation on this error, please visit: https://www.seleniumhq.org/exceptions/no_such_element.html
Build info: version: '3.141.59', revision: 'e82be7d358', time: '2018-11-14T08:17:03'
System info: host: 'vultr-guest', ip: '45.32.115.157', os.name: 'Windows Server 2012 R2', os.arch: 'amd64', os.version: '6.3', java.version: '1.8.0_271'
Driver info: org.openqa.selenium.chrome.ChromeDriver
Capabilities {acceptInsecureCerts: false, browserName: chrome, browserVersion: 88.0.4324.104, chrome: {chromedriverVersion: 88.0.4324.96 (68dba2d8a0b14..., userDataDir: C:\Users\ADMINI~1\AppData\L...}, goog:chromeOptions: {debuggerAddress: localhost:62144}, javascriptEnabled: true, networkConnectionEnabled: false, pageLoadStrategy: normal, platform: WINDOWS, platformName: WINDOWS, proxy: Proxy(), setWindowRect: true, strictFileInteractability: false, timeouts: {implicit: 0, pageLoad: 300000, script: 30000}, unhandledPromptBehavior: dismiss and notify, webauthn:extension:largeBlob: true, webauthn:virtualAuthenticators: true}
Session ID: cad02f69668a7e4efdb24f6432f7cb13
*** Element info: {Using=xpath, value=//div//a[@class='search-pagination__link' and text()='5']}
	at shopify.SearchKeywordChatalyst.TC01_CreateShopifyStore(SearchKeywordChatalyst.java:108)
</failure>
    <system-out><![CDATA[2021-02-03 17:56:55,113 INFO  shopify.SearchKeywordChatalyst - Step 01: Pre-condition: Access App Store Shopify
2021-02-03 17:57:07,599 INFO  shopify.SearchKeywordChatalyst - Step 02: Search keyword chatalyst
2021-02-03 17:57:10,996 INFO  shopify.SearchKeywordChatalyst - Step 03: Print store info
Keyword search:
keyword: live chat
Created time: 03/02/2021 17:56:55
2021-02-03 17:57:10,996 INFO  shopify.SearchKeywordChatalyst - Step 04: Write data to the csv20210203_175550_Chatalyst.csv
CSV file was created successfully !!
2021-02-03 17:57:16,560 INFO  shopify.SearchKeywordChatalyst - Step 05: Load page 2
]]></system-out>
  </testcase>
  <testcase name="TC01_CreateShopifyStore" classname="shopify.SearchKeywordChatalyst" time="50.146">
    <failure message="Expected condition failed: waiting for visibility of element located by By.xpath: //div//a[@class=&apos;search-pagination__link&apos; and text()=&apos;5&apos;] (tried for 30 second(s) with 500 milliseconds interval)" type="org.openqa.selenium.TimeoutException">org.openqa.selenium.TimeoutException: Expected condition failed: waiting for visibility of element located by By.xpath: //div//a[@class='search-pagination__link' and text()='5'] (tried for 30 second(s) with 500 milliseconds interval)
	at shopify.SearchKeywordChatalyst.TC01_CreateShopifyStore(SearchKeywordChatalyst.java:108)
Caused by: org.openqa.selenium.NoSuchElementException: 
no such element: Unable to locate element: {"method":"xpath","selector":"//div//a[@class='search-pagination__link' and text()='5']"}
  (Session info: chrome=88.0.4324.104)
For documentation on this error, please visit: https://www.seleniumhq.org/exceptions/no_such_element.html
Build info: version: '3.141.59', revision: 'e82be7d358', time: '2018-11-14T08:17:03'
System info: host: 'vultr-guest', ip: '45.32.115.157', os.name: 'Windows Server 2012 R2', os.arch: 'amd64', os.version: '6.3', java.version: '1.8.0_271'
Driver info: org.openqa.selenium.chrome.ChromeDriver
Capabilities {acceptInsecureCerts: false, browserName: chrome, browserVersion: 88.0.4324.104, chrome: {chromedriverVersion: 88.0.4324.96 (68dba2d8a0b14..., userDataDir: C:\Users\ADMINI~1\AppData\L...}, goog:chromeOptions: {debuggerAddress: localhost:62144}, javascriptEnabled: true, networkConnectionEnabled: false, pageLoadStrategy: normal, platform: WINDOWS, platformName: WINDOWS, proxy: Proxy(), setWindowRect: true, strictFileInteractability: false, timeouts: {implicit: 0, pageLoad: 300000, script: 30000}, unhandledPromptBehavior: dismiss and notify, webauthn:extension:largeBlob: true, webauthn:virtualAuthenticators: true}
Session ID: cad02f69668a7e4efdb24f6432f7cb13
*** Element info: {Using=xpath, value=//div//a[@class='search-pagination__link' and text()='5']}
	at shopify.SearchKeywordChatalyst.TC01_CreateShopifyStore(SearchKeywordChatalyst.java:108)
</failure>
    <system-out><![CDATA[2021-02-03 17:57:46,680 INFO  shopify.SearchKeywordChatalyst - Step 01: Pre-condition: Access App Store Shopify
2021-02-03 17:57:49,895 INFO  shopify.SearchKeywordChatalyst - Step 02: Search keyword chatalyst
2021-02-03 17:57:55,648 INFO  shopify.SearchKeywordChatalyst - Step 03: Print store info
Keyword search:
keyword: live chat
Created time: 03/02/2021 17:57:46
2021-02-03 17:57:55,649 INFO  shopify.SearchKeywordChatalyst - Step 04: Write data to the csv20210203_175550_Chatalyst.csv
CSV file was created successfully !!
2021-02-03 17:58:06,635 INFO  shopify.SearchKeywordChatalyst - Step 05: Load page 2
]]></system-out>
  </testcase>
</testsuite>